#
# There is insufficient memory for the Java Runtime Environment to continue.
# Native memory allocation (mmap) failed to map 117440512 bytes for Failed to commit area from 0x0000000090e00000 to 0x0000000097e00000 of length 117440512.
# Possible reasons:
#   The system is out of physical RAM or swap space
#   The process is running with CompressedOops enabled, and the Java Heap may be blocking the growth of the native heap
# Possible solutions:
#   Reduce memory load on the system
#   Increase physical memory or swap space
#   Check if swap backing store is full
#   Decrease Java heap size (-Xmx/-Xms)
#   Decrease number of Java threads
#   Decrease Java thread stack sizes (-Xss)
#   Set larger code cache with -XX:ReservedCodeCacheSize=
#   JVM is running with Unscaled Compressed Oops mode in which the Java heap is
#     placed in the first 4GB address space. The Java Heap base address is the
#     maximum limit for the native heap growth. Please use -XX:HeapBaseMinAddress
#     to set the Java Heap base and to place the Java Heap above 4GB virtual address.
# This output file may be truncated or incomplete.
#
#  Out of Memory Error (./open/src/hotspot/os/windows/os_windows.cpp:3315), pid=24128, tid=11660
#
# JRE version:  (14.0.2+12) (build )
# Java VM: OpenJDK 64-Bit Server VM (14.0.2+12-46, mixed mode, sharing, tiered, compressed oops, g1 gc, windows-amd64)
# No core dump will be written. Minidumps are not enabled by default on client versions of Windows
#

---------------  S U M M A R Y ------------

Command Line: -Dfile.encoding=Cp1252 --module-path=C:\Users\gutia\git\EasyRentingMotors\librerias\jcalendar-1.4.jar;C:\Users\gutia\git\EasyRentingMotors\librerias\sqlite-jdbc-3.32.3.2.jar;C:\Users\gutia\git\EasyRentingMotors\librerias\jgoodies-forms-1.8.0.jar;C:\Users\gutia\git\EasyRentingMotors\librerias\slf4j-api-1.7.2.jar;C:\Users\gutia\git\EasyRentingMotors\librerias\slf4j-simple-1.6.1.jar;C:\Users\gutia\git\EasyRentingMotors\librerias\jgoodies-common-1.8.0.jar;C:\Users\gutia\git\EasyRentingMotors\librerias\bridj-0.7.0.jar;C:\Users\gutia\git\EasyRentingMotors\librerias\webcam-capture-0.3.12.jar -XX:+ShowCodeDetailsInExceptionMessages erm.ventanasPrimarias.VentanaInicial

Host: AMD Ryzen 5 3500U with Radeon Vega Mobile Gfx  , 8 cores, 6G,  Windows 10 , 64 bit Build 18362 (10.0.18362.1500)
Time: Mon Jan  3 00:09:52 2022 Hora estándar romance elapsed time: 0 seconds (0d 0h 0m 0s)

---------------  T H R E A D  ---------------

Current thread (0x000001987f8c2800):  JavaThread "Unknown thread" [_thread_in_vm, id=11660, stack(0x00000077c6900000,0x00000077c6a00000)]

Stack: [0x00000077c6900000,0x00000077c6a00000]
Native frames: (J=compiled Java code, j=interpreted, Vv=VM code, C=native code)
V  [jvm.dll+0x5f8a9a]
V  [jvm.dll+0x74247a]
V  [jvm.dll+0x743c2f]
V  [jvm.dll+0x744273]
V  [jvm.dll+0x20d288]
V  [jvm.dll+0x5f5dea]
V  [jvm.dll+0x5eac45]
V  [jvm.dll+0x2c7e9c]
V  [jvm.dll+0x2c7cd2]
V  [jvm.dll+0x2cdbbc]
V  [jvm.dll+0x313fe8]
V  [jvm.dll+0x313710]
V  [jvm.dll+0x2a092a]
V  [jvm.dll+0x2a1a79]
V  [jvm.dll+0x71fd48]
V  [jvm.dll+0x321c14]
V  [jvm.dll+0x70112c]
V  [jvm.dll+0x392def]
V  [jvm.dll+0x394e61]
C  [jli.dll+0x524b]
C  [ucrtbase.dll+0x210b2]
C  [KERNEL32.DLL+0x17c24]
C  [ntdll.dll+0x6d721]


---------------  P R O C E S S  ---------------

Threads class SMR info:
_java_thread_list=0x00007ff950b43038, length=0, elements={
}

Java Threads: ( => current thread )

Other Threads:
  0x000001987f902800 GCTaskThread "GC Thread#0" [stack: 0x00000077c6a00000,0x00000077c6b00000] [id=17608]
  0x000001987f915800 ConcurrentGCThread "G1 Main Marker" [stack: 0x00000077c6b00000,0x00000077c6c00000] [id=3232]
  0x000001987f917000 ConcurrentGCThread "G1 Conc#0" [stack: 0x00000077c6c00000,0x00000077c6d00000] [id=24992]

[error occurred during error reporting (printing all threads), id 0xc0000005, EXCEPTION_ACCESS_VIOLATION (0xc0000005) at pc=0x00007ff950371257]

VM state:not at safepoint (not fully initialized)

VM Mutex/Monitor currently owned by a thread:  ([mutex/lock_event])
[0x000001987f8be1d0] Heap_lock - owner thread: 0x000001987f8c2800

Heap address: 0x0000000090e00000, size: 1778 MB, Compressed Oops mode: 32-bit
Narrow klass base: 0x0000000000000000, Narrow klass shift: 0

GC Heap History (0 events):
No events

Deoptimization events (0 events):
No events

Classes unloaded (0 events):
No events

Classes redefined (0 events):
No events

Internal exceptions (0 events):
No events

Events (2 events):
Event: 0.015 Loaded shared library C:\Users\gutia\.p2\pool\plugins\org.eclipse.justj.openjdk.hotspot.jre.full.win32.x86_64_14.0.2.v20200815-0932\jre\bin\java.dll
Event: 0.016 Loaded shared library C:\Users\gutia\.p2\pool\plugins\org.eclipse.justj.openjdk.hotspot.jre.full.win32.x86_64_14.0.2.v20200815-0932\jre\bin\zip.dll


Dynamic libraries:
0x00007ff73cd70000 - 0x00007ff73cd7d000 	C:\Users\gutia\.p2\pool\plugins\org.eclipse.justj.openjdk.hotspot.jre.full.win32.x86_64_14.0.2.v20200815-0932\jre\bin\javaw.exe
0x00007ff98ea40000 - 0x00007ff98ec30000 	C:\Windows\SYSTEM32\ntdll.dll
0x00007ff98cb50000 - 0x00007ff98cc02000 	C:\Windows\System32\KERNEL32.DLL
0x00007ff98bcf0000 - 0x00007ff98bf95000 	C:\Windows\System32\KERNELBASE.dll
0x00007ff98bb50000 - 0x00007ff98bc4a000 	C:\Windows\System32\ucrtbase.dll
0x00007ff987980000 - 0x00007ff987995000 	C:\Users\gutia\.p2\pool\plugins\org.eclipse.justj.openjdk.hotspot.jre.full.win32.x86_64_14.0.2.v20200815-0932\jre\bin\VCRUNTIME140.dll
0x00007ff985dc0000 - 0x00007ff985dd8000 	C:\Users\gutia\.p2\pool\plugins\org.eclipse.justj.openjdk.hotspot.jre.full.win32.x86_64_14.0.2.v20200815-0932\jre\bin\jli.dll
0x00007ff98e430000 - 0x00007ff98e5c4000 	C:\Windows\System32\USER32.dll
0x00007ff98ca30000 - 0x00007ff98ca51000 	C:\Windows\System32\win32u.dll
0x00007ff97e600000 - 0x00007ff97e884000 	C:\Windows\WinSxS\amd64_microsoft.windows.common-controls_6595b64144ccf1df_6.0.18362.1556_none_9e7e372fe45e41d5\COMCTL32.dll
0x00007ff98dfb0000 - 0x00007ff98dfd6000 	C:\Windows\System32\GDI32.dll
0x00007ff98b9b0000 - 0x00007ff98bb48000 	C:\Windows\System32\gdi32full.dll
0x00007ff98dd20000 - 0x00007ff98ddbe000 	C:\Windows\System32\msvcrt.dll
0x00007ff98bc50000 - 0x00007ff98bcee000 	C:\Windows\System32\msvcp_win.dll
0x00007ff98cc20000 - 0x00007ff98cf56000 	C:\Windows\System32\combase.dll
0x00007ff98de20000 - 0x00007ff98df3f000 	C:\Windows\System32\RPCRT4.dll
0x00007ff98ca60000 - 0x00007ff98cae1000 	C:\Windows\System32\bcryptPrimitives.dll
0x00007ff98e780000 - 0x00007ff98e7ae000 	C:\Windows\System32\IMM32.DLL
0x00007ff962f90000 - 0x00007ff96302b000 	C:\Users\gutia\.p2\pool\plugins\org.eclipse.justj.openjdk.hotspot.jre.full.win32.x86_64_14.0.2.v20200815-0932\jre\bin\msvcp140.dll
0x00007ff9500c0000 - 0x00007ff950bde000 	C:\Users\gutia\.p2\pool\plugins\org.eclipse.justj.openjdk.hotspot.jre.full.win32.x86_64_14.0.2.v20200815-0932\jre\bin\server\jvm.dll
0x00007ff98e090000 - 0x00007ff98e133000 	C:\Windows\System32\ADVAPI32.dll
0x00007ff98dbf0000 - 0x00007ff98dc87000 	C:\Windows\System32\sechost.dll
0x00007ff98dc90000 - 0x00007ff98dc98000 	C:\Windows\System32\PSAPI.DLL
0x00007ff9890d0000 - 0x00007ff9890d9000 	C:\Windows\SYSTEM32\WSOCK32.dll
0x00007ff98df40000 - 0x00007ff98dfaf000 	C:\Windows\System32\WS2_32.dll
0x00007ff982910000 - 0x00007ff98291a000 	C:\Windows\SYSTEM32\VERSION.dll
0x00007ff988af0000 - 0x00007ff988b14000 	C:\Windows\SYSTEM32\WINMM.dll
0x00007ff988ac0000 - 0x00007ff988aed000 	C:\Windows\SYSTEM32\WINMMBASE.dll
0x00007ff98c930000 - 0x00007ff98c97a000 	C:\Windows\System32\cfgmgr32.dll
0x00007ff98b900000 - 0x00007ff98b911000 	C:\Windows\System32\kernel.appcore.dll
0x00007ff9890c0000 - 0x00007ff9890ca000 	C:\Users\gutia\.p2\pool\plugins\org.eclipse.justj.openjdk.hotspot.jre.full.win32.x86_64_14.0.2.v20200815-0932\jre\bin\jimage.dll
0x00007ff989370000 - 0x00007ff989564000 	C:\Windows\SYSTEM32\DBGHELP.DLL
0x00007ff97ba90000 - 0x00007ff97baba000 	C:\Windows\SYSTEM32\dbgcore.DLL
0x00007ff9813b0000 - 0x00007ff9813d5000 	C:\Users\gutia\.p2\pool\plugins\org.eclipse.justj.openjdk.hotspot.jre.full.win32.x86_64_14.0.2.v20200815-0932\jre\bin\java.dll
0x00007ff986140000 - 0x00007ff986156000 	C:\Users\gutia\.p2\pool\plugins\org.eclipse.justj.openjdk.hotspot.jre.full.win32.x86_64_14.0.2.v20200815-0932\jre\bin\zip.dll

dbghelp: loaded successfully - version: 4.0.5 - missing functions: none
symbol engine: initialized successfully - sym options: 0x614 - pdb path: .;C:\Users\gutia\.p2\pool\plugins\org.eclipse.justj.openjdk.hotspot.jre.full.win32.x86_64_14.0.2.v20200815-0932\jre\bin;C:\Windows\SYSTEM32;C:\Windows\WinSxS\amd64_microsoft.windows.common-controls_6595b64144ccf1df_6.0.18362.1556_none_9e7e372fe45e41d5;C:\Users\gutia\.p2\pool\plugins\org.eclipse.justj.openjdk.hotspot.jre.full.win32.x86_64_14.0.2.v20200815-0932\jre\bin\server

VM Arguments:
jvm_args: -Dfile.encoding=Cp1252 --module-path=C:\Users\gutia\git\EasyRentingMotors\librerias\jcalendar-1.4.jar;C:\Users\gutia\git\EasyRentingMotors\librerias\sqlite-jdbc-3.32.3.2.jar;C:\Users\gutia\git\EasyRentingMotors\librerias\jgoodies-forms-1.8.0.jar;C:\Users\gutia\git\EasyRentingMotors\librerias\slf4j-api-1.7.2.jar;C:\Users\gutia\git\EasyRentingMotors\librerias\slf4j-simple-1.6.1.jar;C:\Users\gutia\git\EasyRentingMotors\librerias\jgoodies-common-1.8.0.jar;C:\Users\gutia\git\EasyRentingMotors\librerias\bridj-0.7.0.jar;C:\Users\gutia\git\EasyRentingMotors\librerias\webcam-capture-0.3.12.jar -XX:+ShowCodeDetailsInExceptionMessages 
java_command: erm.ventanasPrimarias.VentanaInicial
java_class_path (initial): C:\Users\gutia\git\EasyRentingMotors\bin;C:\Users\gutia\.p2\pool\plugins\org.junit.jupiter.api_5.6.0.v20200203-2009.jar;C:\Users\gutia\.p2\pool\plugins\org.junit.jupiter.engine_5.6.0.v20200203-2009.jar;C:\Users\gutia\.p2\pool\plugins\org.junit.jupiter.migrationsupport_5.6.0.v20200203-2009.jar;C:\Users\gutia\.p2\pool\plugins\org.junit.jupiter.params_5.6.0.v20200203-2009.jar;C:\Users\gutia\.p2\pool\plugins\org.junit.platform.commons_1.6.0.v20200203-2009.jar;C:\Users\gutia\.p2\pool\plugins\org.junit.platform.engine_1.6.0.v20200203-2009.jar;C:\Users\gutia\.p2\pool\plugins\org.junit.platform.launcher_1.6.0.v20200203-2009.jar;C:\Users\gutia\.p2\pool\plugins\org.junit.platform.runner_1.6.0.v20200203-2009.jar;C:\Users\gutia\.p2\pool\plugins\org.junit.platform.suite.api_1.6.0.v20200203-2009.jar;C:\Users\gutia\.p2\pool\plugins\org.junit.vintage.engine_5.6.0.v20200203-2009.jar;C:\Users\gutia\.p2\pool\plugins\org.opentest4j_1.2.0.v20190826-0900.jar;C:\Users\gutia\.p2\pool\plugins\org.apiguardian_1.1.0.v20190826-0900.jar;C:\Users\gutia\.p2\pool\plugins\org.junit_4.13.0.v20200204-1500.jar;C:\Users\gutia\.p2\pool\plugins\org.hamcrest.core_1.3.0.v20180420-1519.jar
Launcher Type: SUN_STANDARD

[Global flags]
     intx CICompilerCount                          = 4                                         {product} {ergonomic}
     uint ConcGCThreads                            = 2                                         {product} {ergonomic}
     uint G1ConcRefinementThreads                  = 8                                         {product} {ergonomic}
   size_t G1HeapRegionSize                         = 1048576                                   {product} {ergonomic}
    uintx GCDrainStackTargetSize                   = 64                                        {product} {ergonomic}
   size_t InitialHeapSize                          = 117440512                                 {product} {ergonomic}
   size_t MarkStackSize                            = 4194304                                   {product} {ergonomic}
   size_t MaxHeapSize                              = 1864368128                                {product} {ergonomic}
   size_t MinHeapDeltaBytes                        = 1048576                                   {product} {ergonomic}
   size_t MinHeapSize                              = 8388608                                   {product} {ergonomic}
    uintx NonNMethodCodeHeapSize                   = 5839372                                {pd product} {ergonomic}
    uintx NonProfiledCodeHeapSize                  = 122909434                              {pd product} {ergonomic}
    uintx ProfiledCodeHeapSize                     = 122909434                              {pd product} {ergonomic}
    uintx ReservedCodeCacheSize                    = 251658240                              {pd product} {ergonomic}
     bool SegmentedCodeCache                       = true                                      {product} {ergonomic}
     bool ShowCodeDetailsInExceptionMessages       = true                                   {manageable} {command line}
   size_t SoftMaxHeapSize                          = 1864368128                             {manageable} {ergonomic}
     bool UseCompressedClassPointers               = true                                 {lp64_product} {ergonomic}
     bool UseCompressedOops                        = true                                 {lp64_product} {ergonomic}
     bool UseG1GC                                  = true                                      {product} {ergonomic}
     bool UseLargePagesIndividualAllocation        = false                                  {pd product} {ergonomic}

Logging:
Log output configuration:
 #0: stdout all=warning uptime,level,tags
 #1: stderr all=off uptime,level,tags

Environment Variables:
JAVA_HOME=C:\Program Files\Eclipse Foundation\jdk-11.0.12.7-hotspot\bin
PATH=C:/Users/gutia/.p2/pool/plugins/org.eclipse.justj.openjdk.hotspot.jre.full.win32.x86_64_14.0.2.v20200815-0932/jre/bin/server;C:/Users/gutia/.p2/pool/plugins/org.eclipse.justj.openjdk.hotspot.jre.full.win32.x86_64_14.0.2.v20200815-0932/jre/bin;C:\Program Files\Eclipse Foundation\jdk-11.0.12.7-hotspot\bin;C:\Program Files\Common Files\Oracle\Java\javapath;C:\Program Files\AdoptOpenJDK\jdk-15.0.1.9-openj9\bin;C:\Program Files (x86)\Common Files\Oracle\Java\javapath;C:\Windows\system32;C:\Windows;C:\Windows\System32\Wbem;C:\Windows\System32\WindowsPowerShell\v1.0\;C:\Windows\System32\OpenSSH\;C:\Program Files\Git\cmd;C:\Program Files\PuTTY\;C:\python\Scripts\;C:\python\;C:\Users\gutia\AppData\Local\Microsoft\WindowsApps;C:\Users\gutia\AppData\Local\Programs\Microsoft VS Code\bin;C:\Users\gutia\AppData\Local\GitHubDesktop\bin;C:\Program Files\apache-maven-3.8.1\bin;C:\Program Files\AdoptOpenJDK\jdk-15.0.1.9-openj9\bin;C:\Users\gutia\AppData\Local\Programs\MiKTeX\miktex\bin\x64\;C:\Windows\System32;
USERNAME=gutia
OS=Windows_NT
PROCESSOR_IDENTIFIER=AMD64 Family 23 Model 24 Stepping 1, AuthenticAMD



---------------  S Y S T E M  ---------------

OS: Windows 10 , 64 bit Build 18362 (10.0.18362.1500)
OS uptime: 26 days 14:48 hours

CPU:total 8 (initial active 8) (8 cores per cpu, 2 threads per core) family 23 model 24 stepping 1, cmov, cx8, fxsr, mmx, sse, sse2, sse3, ssse3, sse4.1, sse4.2, popcnt, avx, avx2, aes, clmul, mmxext, 3dnowpref, lzcnt, sse4a, ht, tsc, tscinvbit, tscinv, bmi1, bmi2, adx, sha, fma

Memory: 4k page, system-wide physical 7105M (833M free)
TotalPageFile size 22465M (AvailPageFile size 99M)
current process WorkingSet (physical memory assigned to process): 10M, peak: 10M
current process commit charge ("private bytes"): 60M, peak: 172M

vm_info: OpenJDK 64-Bit Server VM (14.0.2+12-46) for windows-amd64 JRE (14.0.2+12-46), built on Jul  9 2020 00:31:16 by "mach5one" with MS VC++ 15.9 (VS2017)

END.
